
   INFO  Server running on [http://127.0.0.1:8000].

  Press Ctrl+C to stop the server

  2026-03-15 08:55:46 /register .................................. ~ 500.62ms
  2026-03-15 08:56:32 /register .................................... ~ 0.28ms
  2026-03-15 08:57:57 /register .................................... ~ 0.23ms
  2026-03-15 08:58:45 /register .................................... ~ 0.17ms
  2026-03-15 08:59:41 /register .................................... ~ 0.18ms
  2026-03-15 08:59:41 /build/assets/app-Ca1feuR5.css ............... ~ 0.14ms
  2026-03-15 08:59:41 /build/assets/framer-DitmWPeu.js ............. ~ 0.09ms
  2026-03-15 08:59:41 /build/assets/app-BrW2xfGe.js ................ ~ 0.51ms
  2026-03-15 08:59:41 /build/assets/lucide-B1Dx2dKo.js ............. ~ 1.05ms
  2026-03-15 08:59:41 /build/assets/radix-DqnUYAzE.js .............. ~ 1.49ms
  2026-03-15 08:59:41 /build/assets/app-DFBjH7U3.js ................ ~ 2.27ms
  2026-03-15 08:59:42 /build/assets/register-djv0UJ1_.js ........... ~ 0.11ms
  2026-03-15 08:59:42 /build/assets/index-ChrTXibf.js .............. ~ 0.51ms
  2026-03-15 08:59:42 /build/assets/input-error-DkWMx9mm.js ........ ~ 1.00ms
  2026-03-15 08:59:42 /build/assets/index-bAIvUhyU.js .............. ~ 1.27ms
  2026-03-15 08:59:42 /build/assets/text-link-CCzOJwJD.js .......... ~ 1.75ms
  2026-03-15 08:59:42 /build/assets/recharts-BLLg2GQm.js ........... ~ 2.09ms
  2026-03-15 08:59:42 /build/assets/app-Ca1feuR5.css ............... ~ 2.04ms
  2026-03-15 08:59:42 /build/assets/button-z8UG-w0p.js ............. ~ 0.65ms
  2026-03-15 08:59:42 /build/assets/input-BBb60FtJ.js .............. ~ 0.47ms
  2026-03-15 08:59:42 /build/assets/label-BltRsoEy.js .............. ~ 0.92ms
  2026-03-15 08:59:42 /build/assets/spinner-COHFsvLZ.js ............ ~ 1.33ms
  2026-03-15 08:59:42 /build/assets/card-DP112bBj.js ............... ~ 1.77ms
  2026-03-15 09:00:33 /register .................................... ~ 0.16ms
  2026-03-15 09:00:33 /build/assets/app-Ca1feuR5.css ............... ~ 0.06ms
  2026-03-15 09:00:33 /build/assets/framer-DitmWPeu.js ............. ~ 0.09ms
  2026-03-15 09:00:33 /build/assets/app-BrW2xfGe.js ................ ~ 0.53ms
  2026-03-15 09:00:33 /build/assets/lucide-B1Dx2dKo.js ............. ~ 1.10ms
  2026-03-15 09:00:33 /build/assets/radix-DqnUYAzE.js .............. ~ 1.73ms
  2026-03-15 09:00:33 /build/assets/app-DFBjH7U3.js ................ ~ 2.60ms
  2026-03-15 09:00:33 /build/assets/register-djv0UJ1_.js ........... ~ 0.10ms
  2026-03-15 09:00:33 /build/assets/index-ChrTXibf.js .............. ~ 0.55ms
  2026-03-15 09:00:33 /build/assets/input-error-DkWMx9mm.js ........ ~ 1.07ms
  2026-03-15 09:00:33 /build/assets/index-bAIvUhyU.js .............. ~ 1.36ms
  2026-03-15 09:00:33 /build/assets/recharts-BLLg2GQm.js ........... ~ 1.87ms
  2026-03-15 09:00:33 /build/assets/text-link-CCzOJwJD.js .......... ~ 2.24ms
  2026-03-15 09:00:33 /build/assets/app-Ca1feuR5.css ............. ~ 500.62ms
  2026-03-15 09:00:33 /build/assets/spinner-COHFsvLZ.js ............ ~ 0.09ms
  2026-03-15 09:00:33 /build/assets/button-z8UG-w0p.js ........... ~ 501.74ms
  2026-03-15 09:00:33 /build/assets/input-BBb60FtJ.js .............. ~ 1.72ms
  2026-03-15 09:00:33 /build/assets/card-DP112bBj.js ............... ~ 1.50ms
  2026-03-15 09:00:33 /build/assets/label-BltRsoEy.js .............. ~ 2.69ms
  2026-03-15 09:01:25 /register .................................... ~ 0.17ms
  2026-03-15 09:01:25 /build/assets/app-Ca1feuR5.css ............... ~ 0.06ms
  2026-03-15 09:01:25 /build/assets/framer-DitmWPeu.js ............. ~ 0.09ms
  2026-03-15 09:01:25 /build/assets/app-BrW2xfGe.js ................ ~ 0.50ms
  2026-03-15 09:01:25 /build/assets/lucide-B1Dx2dKo.js ............. ~ 1.10ms
  2026-03-15 09:01:25 /build/assets/app-DFBjH7U3.js ................ ~ 1.61ms
  2026-03-15 09:01:25 /build/assets/radix-DqnUYAzE.js .............. ~ 2.20ms
  2026-03-15 09:01:25 /build/assets/register-djv0UJ1_.js ........... ~ 0.20ms
  2026-03-15 09:01:25 /build/assets/index-ChrTXibf.js .............. ~ 0.81ms
  2026-03-15 09:01:25 /build/assets/input-error-DkWMx9mm.js ........ ~ 1.26ms
  2026-03-15 09:01:25 /build/assets/index-bAIvUhyU.js .............. ~ 1.63ms
  2026-03-15 09:01:25 /build/assets/recharts-BLLg2GQm.js ........... ~ 2.10ms
  2026-03-15 09:01:25 /build/assets/text-link-CCzOJwJD.js .......... ~ 2.51ms
  2026-03-15 09:01:25 /build/assets/app-Ca1feuR5.css ............... ~ 0.08ms
  2026-03-15 09:01:25 /build/assets/button-z8UG-w0p.js ............. ~ 0.55ms
  2026-03-15 09:01:25 /build/assets/input-BBb60FtJ.js .............. ~ 0.96ms
  2026-03-15 09:01:25 /build/assets/label-BltRsoEy.js .............. ~ 1.35ms
  2026-03-15 09:01:25 /build/assets/spinner-COHFsvLZ.js ............ ~ 4.02ms
  2026-03-15 09:01:25 /build/assets/card-DP112bBj.js ............... ~ 4.48ms
  2026-03-15 09:01:26 /register .................................. ~ 500.73ms
  2026-03-15 09:01:26 /dashboard ................................... ~ 0.05ms
  2026-03-15 09:01:26 /build/assets/dashboard-5Mpvu0rd.js .......... ~ 0.10ms
  2026-03-15 09:01:26 /build/assets/progress-C9a2PTl_.js ........... ~ 0.94ms
  2026-03-15 09:01:26 /build/assets/badge-C5lciJB_.js .............. ~ 1.35ms
  2026-03-15 09:01:26 /build/assets/index-ikzcNs2d.js .............. ~ 1.85ms
  2026-03-15 09:01:26 /build/assets/dashboard-top-nav-VDsTfNxq.js .. ~ 2.28ms
  2026-03-15 09:01:26 /build/assets/app-logo-icon-CrCEeYAD.js ...... ~ 2.46ms
  2026-03-15 09:01:26 /build/assets/dialog-CMr3GSo3.js ............. ~ 0.06ms
  2026-03-15 09:01:26 /build/assets/index-BJEhERTH.js .............. ~ 0.43ms
  2026-03-15 09:01:26 /api/dashboard ............................. ~ 500.50ms
  2026-03-15 09:01:28 /journal ................................... ~ 500.58ms
  2026-03-15 09:01:28 /build/assets/app-Ca1feuR5.css ............... ~ 0.10ms
  2026-03-15 09:01:28 /build/assets/framer-DitmWPeu.js ............. ~ 0.09ms
  2026-03-15 09:01:28 /build/assets/app-BrW2xfGe.js ................ ~ 0.70ms
  2026-03-15 09:01:28 /build/assets/lucide-B1Dx2dKo.js ............. ~ 1.29ms
  2026-03-15 09:01:28 /build/assets/radix-DqnUYAzE.js .............. ~ 1.83ms
  2026-03-15 09:01:28 /build/assets/app-DFBjH7U3.js ................ ~ 2.31ms
  2026-03-15 09:01:28 /build/assets/index-Bc5v-CcU.js .............. ~ 0.10ms
  2026-03-15 09:01:28 /build/assets/card-DP112bBj.js ............... ~ 0.49ms
  2026-03-15 09:01:28 /build/assets/index-C-PGTpN_.css ............. ~ 1.10ms
  2026-03-15 09:01:28 /build/assets/index-bAIvUhyU.js .............. ~ 1.50ms
  2026-03-15 09:01:28 /build/assets/recharts-BLLg2GQm.js ........... ~ 2.01ms
  2026-03-15 09:01:28 /build/assets/button-z8UG-w0p.js ............. ~ 2.40ms
  2026-03-15 09:01:28 /build/assets/app-Ca1feuR5.css ............... ~ 0.51ms
  2026-03-15 09:01:28 /build/assets/dashboard-top-nav-VDsTfNxq.js .. ~ 0.61ms
  2026-03-15 09:01:28 /build/assets/index-ChrTXibf.js .............. ~ 0.74ms
  2026-03-15 09:01:28 /build/assets/app-logo-icon-CrCEeYAD.js ...... ~ 0.69ms
  2026-03-15 09:01:28 /build/assets/index-BJEhERTH.js .............. ~ 0.90ms
  2026-03-15 09:01:28 /build/assets/index-ikzcNs2d.js .............. ~ 1.30ms
  2026-03-15 09:01:28 /api/journals ................................ ~ 0.04ms
  2026-03-15 09:01:28 /api/journals ................................ ~ 0.05ms
